Start Time:   Mon Apr 11 20:21:26 2016
Your UVA ID:  sdg6vt

ZIP file: exists ...
ZIP file: extracting ...
Archive:  ../sdg6vt.zip
  inflating: allocate_registers.py   
  inflating: asm_objects.py          
  inflating: ast_nodes.py            
  inflating: ast_to_tac.py           
  inflating: basic_blocks.py         
  inflating: deserialize_ast.py      
  inflating: main.py                 
  inflating: shared_vars.py          
  inflating: tac_objects.py          
  inflating: tac_to_asm.py           
 extracting: team.txt                
ZIP file: done ...
Checking for main.{py,rb,ml,js,hs} ...
main.py: found
Run command: python main.py


Positive Test Cases

t1: abort                                        ok  
t2: alias                                        ok  
t3: assignments                                  ok  
t4: bigexpr                                    FAILED
t5: big-prog-with-many-exprs                   FAILED
t6: book-list-static-dynamic-dispatch          FAILED (empty compiled-program output)
t7: bool-assigned-in-let                       FAILED (empty compiled-program output)
t8: bool-comparison                              ok  
t9: calls-with-same-formal-name                  ok  
t10: case-order                                  ok  
t11: copy-self-dispatch                        FAILED (empty compiled-program output)
t12: copy-self-init                            FAILED
t13: dispatch-override-dynamic                   ok  
t14: dispatch-override-static                    ok  
t15: eval-order-args                             ok  
t16: eval-order-arith                            ok  
t17: eval-order-self                             ok  
t18: hairyscary                           (your compiler outputs to stdout/stderr: should be none)
 (no non-empty .cl-asm or .s file produced)
      FAILED (empty compiled-program output)
t19: hello                                       ok  
t20: huge-case-in-big-loop                       ok  
t21: in-int-32bit                              FAILED
t22: in-int                                    FAILED
t23: in-int-garbage                            FAILED
t24: init-order-self                             ok  
t25: init-order-super                            ok  
t26: in-string                                 FAILED
t27: in-string-garbage                         FAILED
t28: in-string-huge                            FAILED
t29: lambda-term-cool-code-generator           FAILED
t30: lambda-term-evaluation-simulation         FAILED (empty compiled-program output)
t31: let-nested                                  ok  
t32: mainio                                      ok  
t33: newbasic                                  FAILED (empty compiled-program output)
t34: new                                         ok  
t35: new-self-dispatch                         FAILED (empty compiled-program output)
t36: new-self-init                             FAILED
t37: new-self-type                             FAILED
t38: nonvoid-comparison                          ok  
t39: not                                         ok  
t40: numcalls                                    ok  
t41: old                                       FAILED
t42: one-nested-exp-with-789-arith-ops    (no non-empty .cl-asm or .s file produced)
      FAILED (empty compiled-program output)
t43: override-builtin-method                   FAILED
t44: primes                                      ok  
t45: receiver-class-hard-to-determine          FAILED (empty compiled-program output)
t46: scoping                                   FAILED
t47: shadow-attr-case                            ok  
t48: shadow-attr-formal                          ok  
t49: shadow-attr-let                             ok  
t50: shadow-case-let                             ok  
t51: shadow-formal-case                          ok  
t52: shadow-formal-let                           ok  
t53: shadow-let-case                             ok  
t54: shadow-let-let                              ok  
t55: stack-overflow-not                          ok  
t56: string-comparison                           ok  
t57: string-internals                            ok  
t58: substring-ok                              FAILED (empty compiled-program output)
t59: typename                                  FAILED (empty compiled-program output)
t60: void-comparison                           FAILED
t61: amh4bm.zip-copy                             ok  
t62: amh4bm.zip-in_int                         FAILED
t63: aml3sc.zip-copy                             ok  
t64: as3kc.zip-test104                    (your compiler outputs to stdout/stderr: should be none)
 (no non-empty .cl-asm or .s file produced)
      FAILED (empty compiled-program output)
t65: atc8kq.zip-shallowCopy                      ok  
t66: cyh4mw.zip-bound_variables2               FAILED
t67: jch3xf.zip-a                              FAILED (empty compiled-program output)
t68: jch3xf.zip-b                              FAILED (empty compiled-program output)
t69: jhl4qf.zip-minus                     (your compiler outputs to stdout/stderr: should be none)
 (no non-empty .cl-asm or .s file produced)
      FAILED (empty compiled-program output)
t70: ktt3ja.zip-arithmetic                       ok  
t71: mfm4eb.zip-good10                           ok  
t72: mfm4eb.zip-good9                          FAILED (empty compiled-program output)
t73: mgr3yp.zip-test_self                      FAILED
t74: mjp2ff.zip-shallow_copy_self_good         FAILED (empty compiled-program output)
t75: rab9nn.zip-deep_copy_vs_shallow_copy       FAILED (empty compiled-program output)
t76: rbk2kb.zip-clone_attribute_changes          ok  
t77: rbk2kb.zip-comparison_edge_cases_objects         ok  


Negative Test Cases

t1: case-none                                    ok  
t2: case-on-void                                 ok  
t3: dispatch-void-dynamic                        ok  
t4: dispatch-void-static                         ok  
t5: div-by-zero                                FAILED (empty output)
t6: substring-bad                              FAILED (empty output)
t7: mjk6zt.zip-bug_maker                       FAILED
t8: mjk6zt.zip-shallow_copy                    FAILED
End Time: Mon Apr 11 20:22:38 2016